TN:
SF:src/application/create-route.use-case.ts
FN:7,execute
FN:5,CreateRouteUseCase
FNF:2
FNH:2
FNDA:1,execute
FNDA:1,CreateRouteUseCase
DA:1,1
DA:2,1
DA:3,1
DA:4,1
DA:5,1
DA:6,1
DA:7,1
DA:8,1
DA:9,1
DA:10,1
DA:11,1
DA:12,1
DA:13,1
DA:14,1
DA:15,1
DA:16,1
DA:17,1
DA:18,1
DA:19,1
DA:20,1
DA:21,1
DA:22,1
DA:23,1
DA:24,1
DA:25,1
DA:26,1
DA:27,1
DA:28,1
LF:28
LH:28
BRDA:7,0,0,1
BRDA:5,1,0,1
BRF:2
BRH:2
end_of_record
TN:
SF:src/application/list-all-routes.use-case.ts
FN:8,execute
FN:5,ListAllRoutesUseCase
FNF:2
FNH:2
FNDA:1,execute
FNDA:1,ListAllRoutesUseCase
DA:1,1
DA:2,1
DA:3,1
DA:4,1
DA:5,1
DA:6,1
DA:7,1
DA:8,1
DA:9,1
DA:10,1
DA:11,1
DA:12,1
DA:13,1
DA:14,1
DA:15,1
DA:16,1
DA:17,1
DA:18,1
DA:19,1
DA:20,1
LF:20
LH:20
BRDA:8,0,0,1
BRDA:10,1,0,1
BRDA:5,2,0,1
BRF:3
BRH:3
end_of_record
TN:
SF:src/domain/route.entity.ts
FN:24,updateTitle
FN:29,updatePosition
FN:35,updatePoints
FN:40,get title
FN:44,set title
FN:48,get startPosition
FN:52,set startPosition
FN:56,get endPosition
FN:60,set endPosition
FN:64,get points
FN:68,set points
FN:72,toJSON
FN:16,Route
FNF:13
FNH:13
FNDA:1,updateTitle
FNDA:1,updatePosition
FNDA:1,updatePoints
FNDA:1,get title
FNDA:1,set title
FNDA:1,get startPosition
FNDA:1,set startPosition
FNDA:1,get endPosition
FNDA:1,set endPosition
FNDA:2,get points
FNDA:1,set points
FNDA:2,toJSON
FNDA:1,Route
DA:1,1
DA:2,1
DA:3,1
DA:4,1
DA:5,1
DA:6,1
DA:7,1
DA:8,1
DA:9,1
DA:10,1
DA:11,1
DA:12,1
DA:13,1
DA:14,1
DA:15,1
DA:16,1
DA:17,1
DA:18,1
DA:19,1
DA:20,1
DA:21,1
DA:22,1
DA:23,1
DA:24,1
DA:25,1
DA:26,1
DA:27,1
DA:28,1
DA:29,1
DA:30,1
DA:31,1
DA:32,1
DA:33,1
DA:34,1
DA:35,1
DA:36,1
DA:37,1
DA:38,1
DA:39,1
DA:40,1
DA:41,1
DA:42,1
DA:43,1
DA:44,1
DA:45,1
DA:46,1
DA:47,1
DA:48,1
DA:49,1
DA:50,1
DA:51,1
DA:52,1
DA:53,1
DA:54,1
DA:55,1
DA:56,1
DA:57,1
DA:58,1
DA:59,1
DA:60,1
DA:61,1
DA:62,1
DA:63,1
DA:64,1
DA:65,2
DA:66,2
DA:67,1
DA:68,1
DA:69,1
DA:70,1
DA:71,1
DA:72,1
DA:73,2
DA:74,2
DA:75,2
DA:76,2
DA:77,2
DA:78,1
LF:78
LH:78
BRDA:24,0,0,1
BRDA:29,1,0,1
BRDA:35,2,0,1
BRDA:40,3,0,1
BRDA:44,4,0,1
BRDA:48,5,0,1
BRDA:52,6,0,1
BRDA:56,7,0,1
BRDA:60,8,0,1
BRDA:64,9,0,2
BRDA:68,10,0,1
BRDA:72,11,0,2
BRDA:16,12,0,1
BRF:13
BRH:13
end_of_record
TN:
SF:src/infra/db/route-in-memory.repository.ts
FN:7,insert
FN:11,findAll
FNF:2
FNH:2
FNDA:1,insert
FNDA:1,findAll
DA:1,1
DA:2,1
DA:3,1
DA:4,1
DA:5,1
DA:6,1
DA:7,1
DA:8,1
DA:9,1
DA:10,1
DA:11,1
DA:12,1
DA:13,1
DA:14,1
LF:14
LH:14
BRDA:7,0,0,1
BRDA:11,1,0,1
BRF:2
BRH:2
end_of_record
